Rendering index page
Received request for calculation
Calculation successful. Number of solutions found: 10
Received request for calculation
Calculation successful. Number of solutions found: 10
Rendering index page
Rendering index page
Rendering index page
Received request for calculation
Exception on /calculate [POST]
Traceback (most recent call last):
  File "/home/ec2-user/.local/lib/python3.9/site-packages/flask/app.py", line 1455, in wsgi_app
    response = self.full_dispatch_request()
  File "/home/ec2-user/.local/lib/python3.9/site-packages/flask/app.py", line 869, in full_dispatch_request
    rv = self.handle_user_exception(e)
  File "/home/ec2-user/.local/lib/python3.9/site-packages/flask_cors/extension.py", line 176, in wrapped_function
    return cors_after_request(app.make_response(f(*args, **kwargs)))
  File "/home/ec2-user/.local/lib/python3.9/site-packages/flask/app.py", line 867, in full_dispatch_request
    rv = self.dispatch_request()
  File "/home/ec2-user/.local/lib/python3.9/site-packages/flask/app.py", line 852, in dispatch_request
    return self.ensure_sync(self.view_functions[rule.endpoint])(**view_args)
  File "/home/ec2-user/Barrel_API/modified_my_flash_app.py", line 43, in calculate
    solution = find_solutions(barrels, t)
  File "/home/ec2-user/Barrel_API/Size_5_Barrel_Calculator_With_Range.py", line 92, in find_solutions
    print("Debug: Solution Generated:", solution)  # Debug step 1
OSError: [Errno 5] Input/output error
Internal Server Error: 500 Internal Server Error: The server encountered an internal error and was unable to complete your request. Either the server is overloaded or there is an error in the application.
Rendering index page
Rendering index page
Received request for calculation
Exception on /calculate [POST]
Traceback (most recent call last):
  File "/home/ec2-user/.local/lib/python3.9/site-packages/flask/app.py", line 1455, in wsgi_app
    response = self.full_dispatch_request()
  File "/home/ec2-user/.local/lib/python3.9/site-packages/flask/app.py", line 869, in full_dispatch_request
    rv = self.handle_user_exception(e)
  File "/home/ec2-user/.local/lib/python3.9/site-packages/flask_cors/extension.py", line 176, in wrapped_function
    return cors_after_request(app.make_response(f(*args, **kwargs)))
  File "/home/ec2-user/.local/lib/python3.9/site-packages/flask/app.py", line 867, in full_dispatch_request
    rv = self.dispatch_request()
  File "/home/ec2-user/.local/lib/python3.9/site-packages/flask/app.py", line 852, in dispatch_request
    return self.ensure_sync(self.view_functions[rule.endpoint])(**view_args)
  File "/home/ec2-user/Barrel_API/modified_my_flash_app.py", line 43, in calculate
    solution = find_solutions(barrels, t)
  File "/home/ec2-user/Barrel_API/Size_5_Barrel_Calculator_With_Range.py", line 92, in find_solutions
    print("Debug: Solution Generated:", solution)  # Debug step 1
OSError: [Errno 5] Input/output error
Internal Server Error: 500 Internal Server Error: The server encountered an internal error and was unable to complete your request. Either the server is overloaded or there is an error in the application.
Starting Flask server
Rendering index page
